[debug] ----------------------------------------------------------------------
[debug] Command:      /usr/local/bin/node /usr/local/bin/firebase deploy
[debug] CLI Version:  3.6.1
[debug] Platform:     darwin
[debug] Node Version: v7.9.0
[debug] Time:         Mon Oct 16 2017 02:38:56 GMT+0700 (+07)
[debug] ----------------------------------------------------------------------
[debug] 
[debug] > command requires scopes: ["email","openid","https://www.googleapis.com/auth/cloudplatformprojects.readonly","https://www.googleapis.com/auth/firebase","https://www.googleapis.com/auth/cloud-platform"]
[debug] >>> HTTP REQUEST GET https://admin.firebase.com/v1/projects/biomatic-doc  
 Mon Oct 16 2017 02:38:56 GMT+0700 (+07)
[debug] <<< HTTP RESPONSE 200
[debug] >>> HTTP REQUEST GET https://admin.firebase.com/v1/database/biomatic-doc/tokens  
 Mon Oct 16 2017 02:38:58 GMT+0700 (+07)
[debug] <<< HTTP RESPONSE 200
[info] 
[info] === Deploying to 'biomatic-doc'...
[info] 
[info] i  deploying database, functions, hosting
[info] ✔  database: rules ready to deploy.
[debug] > [functions] package.json contents: {
  "name": "functions",
  "description": "Cloud Functions for Firebase",
  "dependencies": {
    "firebase-admin": "~4.1.2",
    "firebase-functions": "^0.5"
  },
  "private": true
}
[info] i  functions: ensuring necessary APIs are enabled...
[info] i  runtimeconfig: ensuring necessary APIs are enabled...
[debug] >>> HTTP REQUEST GET https://servicemanagement.googleapis.com/v1/services/cloudfunctions.googleapis.com/projectSettings/biomatic-doc?view=CONSUMER_VIEW  
 Mon Oct 16 2017 02:39:02 GMT+0700 (+07)
[debug] >>> HTTP REQUEST GET https://servicemanagement.googleapis.com/v1/services/runtimeconfig.googleapis.com/projectSettings/biomatic-doc?view=CONSUMER_VIEW  
 Mon Oct 16 2017 02:39:02 GMT+0700 (+07)
